<?xml version="1.0" encoding="UTF-8"?>
<!-- Generated by org.testng.reporters.JUnitXMLReporter -->
<testsuite ignored="0" hostname="STFMXC1617" failures="1" tests="2" name="Regression Test Cases" time="5.429" errors="0" timestamp="2022-04-12T12:37:55 CDT">
  <testcase classname="com.projectName.testScripts.TestCase001" name="test1" time="0.01">
    <failure type="java.lang.AssertionError" message="Does not match expected [expected] but found [actual]">
      <![CDATA[java.lang.AssertionError: Does not match expected [expected] but found [actual]
at com.projectName.testScripts.TestCase001.test1(TestCase001.java:29)
at java.base/java.util.ArrayList.forEach(ArrayList.java:1511)
... Removed 32 stack frames]]>
    </failure>
  </testcase> <!-- test1 -->
  <testcase classname="com.projectName.testScripts.TestCase001" name="test2" time="0.001"/>
</testsuite> <!-- Regression Test Cases -->
